ARM GAS  C:\Users\Kenneth\AppData\Local\Temp\ccc8Tzpa.s 			page 1


   1              		.cpu cortex-m4
   2              		.arch armv7e-m
   3              		.fpu fpv4-sp-d16
   4              		.eabi_attribute 27, 1
   5              		.eabi_attribute 28, 1
   6              		.eabi_attribute 20, 1
   7              		.eabi_attribute 21, 1
   8              		.eabi_attribute 23, 3
   9              		.eabi_attribute 24, 1
  10              		.eabi_attribute 25, 1
  11              		.eabi_attribute 26, 1
  12              		.eabi_attribute 30, 1
  13              		.eabi_attribute 34, 1
  14              		.eabi_attribute 18, 4
  15              		.file	"main.c"
  16              		.text
  17              	.Ltext0:
  18              		.cfi_sections	.debug_frame
  19              		.section	.text.MX_GPIO_Init,"ax",%progbits
  20              		.align	1
  21              		.syntax unified
  22              		.thumb
  23              		.thumb_func
  25              	MX_GPIO_Init:
  26              	.LFB133:
  27              		.file 1 "Core/Src/main.c"
   1:Core/Src/main.c **** /* USER CODE BEGIN Header */
   2:Core/Src/main.c **** /**
   3:Core/Src/main.c ****   ******************************************************************************
   4:Core/Src/main.c ****   * @file           : main.c
   5:Core/Src/main.c ****   * @brief          : Main program body
   6:Core/Src/main.c ****   ******************************************************************************
   7:Core/Src/main.c ****   * @attention
   8:Core/Src/main.c ****   *
   9:Core/Src/main.c ****   * <h2><center>&copy; Copyright (c) 2021 STMicroelectronics.
  10:Core/Src/main.c ****   * All rights reserved.</center></h2>
  11:Core/Src/main.c ****   *
  12:Core/Src/main.c ****   * This software component is licensed by ST under BSD 3-Clause license,
  13:Core/Src/main.c ****   * the "License"; You may not use this file except in compliance with the
  14:Core/Src/main.c ****   * License. You may obtain a copy of the License at:
  15:Core/Src/main.c ****   *                        opensource.org/licenses/BSD-3-Clause
  16:Core/Src/main.c ****   *
  17:Core/Src/main.c ****   ******************************************************************************
  18:Core/Src/main.c ****   */
  19:Core/Src/main.c **** 
  20:Core/Src/main.c **** #ifndef USE_HAL_DRIVER
  21:Core/Src/main.c **** #define USE_HAL_DRIVER
  22:Core/Src/main.c **** #endif // !USE_HAL_DRIVER
  23:Core/Src/main.c **** 
  24:Core/Src/main.c **** /* USER CODE END Header */
  25:Core/Src/main.c **** /* Includes ------------------------------------------------------------------*/
  26:Core/Src/main.c **** #include "main.h"
  27:Core/Src/main.c **** 
  28:Core/Src/main.c **** 
  29:Core/Src/main.c **** /* Private includes ----------------------------------------------------------*/
  30:Core/Src/main.c **** /* USER CODE BEGIN Includes */
  31:Core/Src/main.c **** 
ARM GAS  C:\Users\Kenneth\AppData\Local\Temp\ccc8Tzpa.s 			page 2


  32:Core/Src/main.c **** /* USER CODE END Includes */
  33:Core/Src/main.c **** 
  34:Core/Src/main.c **** /* Private typedef -----------------------------------------------------------*/
  35:Core/Src/main.c **** /* USER CODE BEGIN PTD */
  36:Core/Src/main.c **** 
  37:Core/Src/main.c **** /* USER CODE END PTD */
  38:Core/Src/main.c **** 
  39:Core/Src/main.c **** /* Private define ------------------------------------------------------------*/
  40:Core/Src/main.c **** /* USER CODE BEGIN PD */
  41:Core/Src/main.c **** /* USER CODE END PD */
  42:Core/Src/main.c **** 
  43:Core/Src/main.c **** /* Private macro -------------------------------------------------------------*/
  44:Core/Src/main.c **** /* USER CODE BEGIN PM */
  45:Core/Src/main.c **** 
  46:Core/Src/main.c **** /* USER CODE END PM */
  47:Core/Src/main.c **** 
  48:Core/Src/main.c **** /* Private variables ---------------------------------------------------------*/
  49:Core/Src/main.c **** UART_HandleTypeDef huart2;
  50:Core/Src/main.c **** 
  51:Core/Src/main.c **** /* USER CODE BEGIN PV */
  52:Core/Src/main.c **** 
  53:Core/Src/main.c **** /* USER CODE END PV */
  54:Core/Src/main.c **** 
  55:Core/Src/main.c **** /* Private function prototypes -----------------------------------------------*/
  56:Core/Src/main.c **** void SystemClock_Config(void);
  57:Core/Src/main.c **** static void MX_GPIO_Init(void);
  58:Core/Src/main.c **** static void MX_USART2_UART_Init(void);
  59:Core/Src/main.c **** /* USER CODE BEGIN PFP */
  60:Core/Src/main.c **** 
  61:Core/Src/main.c **** /* USER CODE END PFP */
  62:Core/Src/main.c **** 
  63:Core/Src/main.c **** /* Private user code ---------------------------------------------------------*/
  64:Core/Src/main.c **** /* USER CODE BEGIN 0 */
  65:Core/Src/main.c **** 
  66:Core/Src/main.c **** /* USER CODE END 0 */
  67:Core/Src/main.c **** 
  68:Core/Src/main.c **** /**
  69:Core/Src/main.c ****   * @brief  The application entry point.
  70:Core/Src/main.c ****   * @retval int
  71:Core/Src/main.c ****   */
  72:Core/Src/main.c **** int main(void)
  73:Core/Src/main.c **** {
  74:Core/Src/main.c ****   /* USER CODE BEGIN 1 */
  75:Core/Src/main.c **** 
  76:Core/Src/main.c ****   /* USER CODE END 1 */
  77:Core/Src/main.c **** 
  78:Core/Src/main.c ****   /* MCU Configuration--------------------------------------------------------*/
  79:Core/Src/main.c **** 
  80:Core/Src/main.c ****   /* Reset of all peripherals, Initializes the Flash interface and the Systick. */
  81:Core/Src/main.c ****   HAL_Init();
  82:Core/Src/main.c **** 
  83:Core/Src/main.c ****   /* USER CODE BEGIN Init */
  84:Core/Src/main.c **** 
  85:Core/Src/main.c ****   /* USER CODE END Init */
  86:Core/Src/main.c **** 
  87:Core/Src/main.c ****   /* Configure the system clock */
  88:Core/Src/main.c ****   SystemClock_Config();
ARM GAS  C:\Users\Kenneth\AppData\Local\Temp\ccc8Tzpa.s 			page 3


  89:Core/Src/main.c **** 
  90:Core/Src/main.c ****   /* USER CODE BEGIN SysInit */
  91:Core/Src/main.c **** 
  92:Core/Src/main.c ****   /* USER CODE END SysInit */
  93:Core/Src/main.c **** 
  94:Core/Src/main.c ****   /* Initialize all configured peripherals */
  95:Core/Src/main.c ****   MX_GPIO_Init();
  96:Core/Src/main.c ****   MX_USART2_UART_Init();
  97:Core/Src/main.c ****   /* USER CODE BEGIN 2 */
  98:Core/Src/main.c **** 
  99:Core/Src/main.c ****   /* USER CODE END 2 */
 100:Core/Src/main.c **** 
 101:Core/Src/main.c ****   /* Infinite loop */
 102:Core/Src/main.c ****   /* USER CODE BEGIN WHILE */
 103:Core/Src/main.c ****   while (1)
 104:Core/Src/main.c ****   {
 105:Core/Src/main.c ****     /* USER CODE END WHILE */
 106:Core/Src/main.c **** 
 107:Core/Src/main.c ****     /* USER CODE BEGIN 3 */
 108:Core/Src/main.c ****   }
 109:Core/Src/main.c ****   /* USER CODE END 3 */
 110:Core/Src/main.c **** }
 111:Core/Src/main.c **** 
 112:Core/Src/main.c **** /**
 113:Core/Src/main.c ****   * @brief System Clock Configuration
 114:Core/Src/main.c ****   * @retval None
 115:Core/Src/main.c ****   */
 116:Core/Src/main.c **** void SystemClock_Config(void)
 117:Core/Src/main.c **** {
 118:Core/Src/main.c ****   RCC_OscInitTypeDef RCC_OscInitStruct = {0};
 119:Core/Src/main.c ****   RCC_ClkInitTypeDef RCC_ClkInitStruct = {0};
 120:Core/Src/main.c ****   RCC_PeriphCLKInitTypeDef PeriphClkInit = {0};
 121:Core/Src/main.c **** 
 122:Core/Src/main.c ****   /** Initializes the RCC Oscillators according to the specified parameters
 123:Core/Src/main.c ****   * in the RCC_OscInitTypeDef structure.
 124:Core/Src/main.c ****   */
 125:Core/Src/main.c ****   RCC_OscInitStruct.OscillatorType = RCC_OSCILLATORTYPE_HSI;
 126:Core/Src/main.c ****   RCC_OscInitStruct.HSIState = RCC_HSI_ON;
 127:Core/Src/main.c ****   RCC_OscInitStruct.HSICalibrationValue = RCC_HSICALIBRATION_DEFAULT;
 128:Core/Src/main.c ****   RCC_OscInitStruct.PLL.PLLState = RCC_PLL_ON;
 129:Core/Src/main.c ****   RCC_OscInitStruct.PLL.PLLSource = RCC_PLLSOURCE_HSI;
 130:Core/Src/main.c ****   RCC_OscInitStruct.PLL.PLLMUL = RCC_PLL_MUL9;
 131:Core/Src/main.c ****   RCC_OscInitStruct.PLL.PREDIV = RCC_PREDIV_DIV1;
 132:Core/Src/main.c ****   if (HAL_RCC_OscConfig(&RCC_OscInitStruct) != HAL_OK)
 133:Core/Src/main.c ****   {
 134:Core/Src/main.c ****     Error_Handler();
 135:Core/Src/main.c ****   }
 136:Core/Src/main.c ****   /** Initializes the CPU, AHB and APB buses clocks
 137:Core/Src/main.c ****   */
 138:Core/Src/main.c ****   RCC_ClkInitStruct.ClockType = RCC_CLOCKTYPE_HCLK|RCC_CLOCKTYPE_SYSCLK
 139:Core/Src/main.c ****                               |RCC_CLOCKTYPE_PCLK1|RCC_CLOCKTYPE_PCLK2;
 140:Core/Src/main.c ****   RCC_ClkInitStruct.SYSCLKSource = RCC_SYSCLKSOURCE_PLLCLK;
 141:Core/Src/main.c ****   RCC_ClkInitStruct.AHBCLKDivider = RCC_SYSCLK_DIV1;
 142:Core/Src/main.c ****   RCC_ClkInitStruct.APB1CLKDivider = RCC_HCLK_DIV2;
 143:Core/Src/main.c ****   RCC_ClkInitStruct.APB2CLKDivider = RCC_HCLK_DIV1;
 144:Core/Src/main.c **** 
 145:Core/Src/main.c ****   if (HAL_RCC_ClockConfig(&RCC_ClkInitStruct, FLASH_LATENCY_2) != HAL_OK)
ARM GAS  C:\Users\Kenneth\AppData\Local\Temp\ccc8Tzpa.s 			page 4


 146:Core/Src/main.c ****   {
 147:Core/Src/main.c ****     Error_Handler();
 148:Core/Src/main.c ****   }
 149:Core/Src/main.c ****   PeriphClkInit.PeriphClockSelection = RCC_PERIPHCLK_USART2;
 150:Core/Src/main.c ****   PeriphClkInit.Usart2ClockSelection = RCC_USART2CLKSOURCE_PCLK1;
 151:Core/Src/main.c ****   if (HAL_RCCEx_PeriphCLKConfig(&PeriphClkInit) != HAL_OK)
 152:Core/Src/main.c ****   {
 153:Core/Src/main.c ****     Error_Handler();
 154:Core/Src/main.c ****   }
 155:Core/Src/main.c **** }
 156:Core/Src/main.c **** 
 157:Core/Src/main.c **** /**
 158:Core/Src/main.c ****   * @brief USART2 Initialization Function
 159:Core/Src/main.c ****   * @param None
 160:Core/Src/main.c ****   * @retval None
 161:Core/Src/main.c ****   */
 162:Core/Src/main.c **** static void MX_USART2_UART_Init(void)
 163:Core/Src/main.c **** {
 164:Core/Src/main.c **** 
 165:Core/Src/main.c ****   /* USER CODE BEGIN USART2_Init 0 */
 166:Core/Src/main.c **** 
 167:Core/Src/main.c ****   /* USER CODE END USART2_Init 0 */
 168:Core/Src/main.c **** 
 169:Core/Src/main.c ****   /* USER CODE BEGIN USART2_Init 1 */
 170:Core/Src/main.c **** 
 171:Core/Src/main.c ****   /* USER CODE END USART2_Init 1 */
 172:Core/Src/main.c ****   huart2.Instance = USART2;
 173:Core/Src/main.c ****   huart2.Init.BaudRate = 38400;
 174:Core/Src/main.c ****   huart2.Init.WordLength = UART_WORDLENGTH_8B;
 175:Core/Src/main.c ****   huart2.Init.StopBits = UART_STOPBITS_1;
 176:Core/Src/main.c ****   huart2.Init.Parity = UART_PARITY_NONE;
 177:Core/Src/main.c ****   huart2.Init.Mode = UART_MODE_TX_RX;
 178:Core/Src/main.c ****   huart2.Init.HwFlowCtl = UART_HWCONTROL_NONE;
 179:Core/Src/main.c ****   huart2.Init.OverSampling = UART_OVERSAMPLING_16;
 180:Core/Src/main.c ****   huart2.Init.OneBitSampling = UART_ONE_BIT_SAMPLE_DISABLE;
 181:Core/Src/main.c ****   huart2.AdvancedInit.AdvFeatureInit = UART_ADVFEATURE_NO_INIT;
 182:Core/Src/main.c ****   if (HAL_UART_Init(&huart2) != HAL_OK)
 183:Core/Src/main.c ****   {
 184:Core/Src/main.c ****     Error_Handler();
 185:Core/Src/main.c ****   }
 186:Core/Src/main.c ****   /* USER CODE BEGIN USART2_Init 2 */
 187:Core/Src/main.c **** 
 188:Core/Src/main.c ****   /* USER CODE END USART2_Init 2 */
 189:Core/Src/main.c **** 
 190:Core/Src/main.c **** }
 191:Core/Src/main.c **** 
 192:Core/Src/main.c **** /**
 193:Core/Src/main.c ****   * @brief GPIO Initialization Function
 194:Core/Src/main.c ****   * @param None
 195:Core/Src/main.c ****   * @retval None
 196:Core/Src/main.c ****   */
 197:Core/Src/main.c **** static void MX_GPIO_Init(void)
 198:Core/Src/main.c **** {
  28              		.loc 1 198 1 view -0
  29              		.cfi_startproc
  30              		@ args = 0, pretend = 0, frame = 40
  31              		@ frame_needed = 0, uses_anonymous_args = 0
ARM GAS  C:\Users\Kenneth\AppData\Local\Temp\ccc8Tzpa.s 			page 5


  32 0000 10B5     		push	{r4, lr}
  33              	.LCFI0:
  34              		.cfi_def_cfa_offset 8
  35              		.cfi_offset 4, -8
  36              		.cfi_offset 14, -4
  37 0002 8AB0     		sub	sp, sp, #40
  38              	.LCFI1:
  39              		.cfi_def_cfa_offset 48
 199:Core/Src/main.c ****   GPIO_InitTypeDef GPIO_InitStruct = {0};
  40              		.loc 1 199 3 view .LVU1
  41              		.loc 1 199 20 is_stmt 0 view .LVU2
  42 0004 0024     		movs	r4, #0
  43 0006 0594     		str	r4, [sp, #20]
  44 0008 0694     		str	r4, [sp, #24]
  45 000a 0794     		str	r4, [sp, #28]
  46 000c 0894     		str	r4, [sp, #32]
  47 000e 0994     		str	r4, [sp, #36]
 200:Core/Src/main.c **** 
 201:Core/Src/main.c ****   /* GPIO Ports Clock Enable */
 202:Core/Src/main.c ****   __HAL_RCC_GPIOC_CLK_ENABLE();
  48              		.loc 1 202 3 is_stmt 1 view .LVU3
  49              	.LBB4:
  50              		.loc 1 202 3 view .LVU4
  51              		.loc 1 202 3 view .LVU5
  52 0010 214B     		ldr	r3, .L3
  53 0012 5A69     		ldr	r2, [r3, #20]
  54 0014 42F40022 		orr	r2, r2, #524288
  55 0018 5A61     		str	r2, [r3, #20]
  56              		.loc 1 202 3 view .LVU6
  57 001a 5A69     		ldr	r2, [r3, #20]
  58 001c 02F40022 		and	r2, r2, #524288
  59 0020 0192     		str	r2, [sp, #4]
  60              		.loc 1 202 3 view .LVU7
  61 0022 019A     		ldr	r2, [sp, #4]
  62              	.LBE4:
  63              		.loc 1 202 3 view .LVU8
 203:Core/Src/main.c ****   __HAL_RCC_GPIOF_CLK_ENABLE();
  64              		.loc 1 203 3 view .LVU9
  65              	.LBB5:
  66              		.loc 1 203 3 view .LVU10
  67              		.loc 1 203 3 view .LVU11
  68 0024 5A69     		ldr	r2, [r3, #20]
  69 0026 42F48002 		orr	r2, r2, #4194304
  70 002a 5A61     		str	r2, [r3, #20]
  71              		.loc 1 203 3 view .LVU12
  72 002c 5A69     		ldr	r2, [r3, #20]
  73 002e 02F48002 		and	r2, r2, #4194304
  74 0032 0292     		str	r2, [sp, #8]
  75              		.loc 1 203 3 view .LVU13
  76 0034 029A     		ldr	r2, [sp, #8]
  77              	.LBE5:
  78              		.loc 1 203 3 view .LVU14
 204:Core/Src/main.c ****   __HAL_RCC_GPIOA_CLK_ENABLE();
  79              		.loc 1 204 3 view .LVU15
  80              	.LBB6:
  81              		.loc 1 204 3 view .LVU16
  82              		.loc 1 204 3 view .LVU17
ARM GAS  C:\Users\Kenneth\AppData\Local\Temp\ccc8Tzpa.s 			page 6


  83 0036 5A69     		ldr	r2, [r3, #20]
  84 0038 42F40032 		orr	r2, r2, #131072
  85 003c 5A61     		str	r2, [r3, #20]
  86              		.loc 1 204 3 view .LVU18
  87 003e 5A69     		ldr	r2, [r3, #20]
  88 0040 02F40032 		and	r2, r2, #131072
  89 0044 0392     		str	r2, [sp, #12]
  90              		.loc 1 204 3 view .LVU19
  91 0046 039A     		ldr	r2, [sp, #12]
  92              	.LBE6:
  93              		.loc 1 204 3 view .LVU20
 205:Core/Src/main.c ****   __HAL_RCC_GPIOB_CLK_ENABLE();
  94              		.loc 1 205 3 view .LVU21
  95              	.LBB7:
  96              		.loc 1 205 3 view .LVU22
  97              		.loc 1 205 3 view .LVU23
  98 0048 5A69     		ldr	r2, [r3, #20]
  99 004a 42F48022 		orr	r2, r2, #262144
 100 004e 5A61     		str	r2, [r3, #20]
 101              		.loc 1 205 3 view .LVU24
 102 0050 5B69     		ldr	r3, [r3, #20]
 103 0052 03F48023 		and	r3, r3, #262144
 104 0056 0493     		str	r3, [sp, #16]
 105              		.loc 1 205 3 view .LVU25
 106 0058 049B     		ldr	r3, [sp, #16]
 107              	.LBE7:
 108              		.loc 1 205 3 view .LVU26
 206:Core/Src/main.c **** 
 207:Core/Src/main.c ****   /*Configure GPIO pin Output Level */
 208:Core/Src/main.c ****   HAL_GPIO_WritePin(LD2_GPIO_Port, LD2_Pin, GPIO_PIN_RESET);
 109              		.loc 1 208 3 view .LVU27
 110 005a 2246     		mov	r2, r4
 111 005c 2021     		movs	r1, #32
 112 005e 4FF09040 		mov	r0, #1207959552
 113 0062 FFF7FEFF 		bl	HAL_GPIO_WritePin
 114              	.LVL0:
 209:Core/Src/main.c **** 
 210:Core/Src/main.c ****   /*Configure GPIO pin : B1_Pin */
 211:Core/Src/main.c ****   GPIO_InitStruct.Pin = B1_Pin;
 115              		.loc 1 211 3 view .LVU28
 116              		.loc 1 211 23 is_stmt 0 view .LVU29
 117 0066 4FF40053 		mov	r3, #8192
 118 006a 0593     		str	r3, [sp, #20]
 212:Core/Src/main.c ****   GPIO_InitStruct.Mode = GPIO_MODE_IT_FALLING;
 119              		.loc 1 212 3 is_stmt 1 view .LVU30
 120              		.loc 1 212 24 is_stmt 0 view .LVU31
 121 006c 4FF40413 		mov	r3, #2162688
 122 0070 0693     		str	r3, [sp, #24]
 213:Core/Src/main.c ****   GPIO_InitStruct.Pull = GPIO_NOPULL;
 123              		.loc 1 213 3 is_stmt 1 view .LVU32
 124              		.loc 1 213 24 is_stmt 0 view .LVU33
 125 0072 0794     		str	r4, [sp, #28]
 214:Core/Src/main.c ****   HAL_GPIO_Init(B1_GPIO_Port, &GPIO_InitStruct);
 126              		.loc 1 214 3 is_stmt 1 view .LVU34
 127 0074 05A9     		add	r1, sp, #20
 128 0076 0948     		ldr	r0, .L3+4
 129 0078 FFF7FEFF 		bl	HAL_GPIO_Init
ARM GAS  C:\Users\Kenneth\AppData\Local\Temp\ccc8Tzpa.s 			page 7


 130              	.LVL1:
 215:Core/Src/main.c **** 
 216:Core/Src/main.c ****   /*Configure GPIO pin : LD2_Pin */
 217:Core/Src/main.c ****   GPIO_InitStruct.Pin = LD2_Pin;
 131              		.loc 1 217 3 view .LVU35
 132              		.loc 1 217 23 is_stmt 0 view .LVU36
 133 007c 2023     		movs	r3, #32
 134 007e 0593     		str	r3, [sp, #20]
 218:Core/Src/main.c ****   GPIO_InitStruct.Mode = GPIO_MODE_OUTPUT_PP;
 135              		.loc 1 218 3 is_stmt 1 view .LVU37
 136              		.loc 1 218 24 is_stmt 0 view .LVU38
 137 0080 0123     		movs	r3, #1
 138 0082 0693     		str	r3, [sp, #24]
 219:Core/Src/main.c ****   GPIO_InitStruct.Pull = GPIO_NOPULL;
 139              		.loc 1 219 3 is_stmt 1 view .LVU39
 140              		.loc 1 219 24 is_stmt 0 view .LVU40
 141 0084 0794     		str	r4, [sp, #28]
 220:Core/Src/main.c ****   GPIO_InitStruct.Speed = GPIO_SPEED_FREQ_LOW;
 142              		.loc 1 220 3 is_stmt 1 view .LVU41
 143              		.loc 1 220 25 is_stmt 0 view .LVU42
 144 0086 0894     		str	r4, [sp, #32]
 221:Core/Src/main.c ****   HAL_GPIO_Init(LD2_GPIO_Port, &GPIO_InitStruct);
 145              		.loc 1 221 3 is_stmt 1 view .LVU43
 146 0088 05A9     		add	r1, sp, #20
 147 008a 4FF09040 		mov	r0, #1207959552
 148 008e FFF7FEFF 		bl	HAL_GPIO_Init
 149              	.LVL2:
 222:Core/Src/main.c **** 
 223:Core/Src/main.c **** }
 150              		.loc 1 223 1 is_stmt 0 view .LVU44
 151 0092 0AB0     		add	sp, sp, #40
 152              	.LCFI2:
 153              		.cfi_def_cfa_offset 8
 154              		@ sp needed
 155 0094 10BD     		pop	{r4, pc}
 156              	.L4:
 157 0096 00BF     		.align	2
 158              	.L3:
 159 0098 00100240 		.word	1073876992
 160 009c 00080048 		.word	1207961600
 161              		.cfi_endproc
 162              	.LFE133:
 164              		.section	.text.Error_Handler,"ax",%progbits
 165              		.align	1
 166              		.global	Error_Handler
 167              		.syntax unified
 168              		.thumb
 169              		.thumb_func
 171              	Error_Handler:
 172              	.LFB134:
 224:Core/Src/main.c **** 
 225:Core/Src/main.c **** /* USER CODE BEGIN 4 */
 226:Core/Src/main.c **** 
 227:Core/Src/main.c **** /* USER CODE END 4 */
 228:Core/Src/main.c **** 
 229:Core/Src/main.c **** /**
 230:Core/Src/main.c ****   * @brief  This function is executed in case of error occurrence.
ARM GAS  C:\Users\Kenneth\AppData\Local\Temp\ccc8Tzpa.s 			page 8


 231:Core/Src/main.c ****   * @retval None
 232:Core/Src/main.c ****   */
 233:Core/Src/main.c **** void Error_Handler(void)
 234:Core/Src/main.c **** {
 173              		.loc 1 234 1 is_stmt 1 view -0
 174              		.cfi_startproc
 175              		@ Volatile: function does not return.
 176              		@ args = 0, pretend = 0, frame = 0
 177              		@ frame_needed = 0, uses_anonymous_args = 0
 178              		@ link register save eliminated.
 235:Core/Src/main.c ****   /* USER CODE BEGIN Error_Handler_Debug */
 236:Core/Src/main.c ****   /* User can add his own implementation to report the HAL error return state */
 237:Core/Src/main.c ****   __disable_irq();
 179              		.loc 1 237 3 view .LVU46
 180              	.LBB8:
 181              	.LBI8:
 182              		.file 2 "Drivers/CMSIS/Include/cmsis_gcc.h"
   1:Drivers/CMSIS/Include/cmsis_gcc.h **** /**************************************************************************//**
   2:Drivers/CMSIS/Include/cmsis_gcc.h ****  * @file     cmsis_gcc.h
   3:Drivers/CMSIS/Include/cmsis_gcc.h ****  * @brief    CMSIS compiler GCC header file
   4:Drivers/CMSIS/Include/cmsis_gcc.h ****  * @version  V5.0.4
   5:Drivers/CMSIS/Include/cmsis_gcc.h ****  * @date     09. April 2018
   6:Drivers/CMSIS/Include/cmsis_gcc.h ****  ******************************************************************************/
   7:Drivers/CMSIS/Include/cmsis_gcc.h **** /*
   8:Drivers/CMSIS/Include/cmsis_gcc.h ****  * Copyright (c) 2009-2018 Arm Limited. All rights reserved.
   9:Drivers/CMSIS/Include/cmsis_gcc.h ****  *
  10:Drivers/CMSIS/Include/cmsis_gcc.h ****  * SPDX-License-Identifier: Apache-2.0
  11:Drivers/CMSIS/Include/cmsis_gcc.h ****  *
  12:Drivers/CMSIS/Include/cmsis_gcc.h ****  * Licensed under the Apache License, Version 2.0 (the License); you may
  13:Drivers/CMSIS/Include/cmsis_gcc.h ****  * not use this file except in compliance with the License.
  14:Drivers/CMSIS/Include/cmsis_gcc.h ****  * You may obtain a copy of the License at
  15:Drivers/CMSIS/Include/cmsis_gcc.h ****  *
  16:Drivers/CMSIS/Include/cmsis_gcc.h ****  * www.apache.org/licenses/LICENSE-2.0
  17:Drivers/CMSIS/Include/cmsis_gcc.h ****  *
  18:Drivers/CMSIS/Include/cmsis_gcc.h ****  * Unless required by applicable law or agreed to in writing, software
  19:Drivers/CMSIS/Include/cmsis_gcc.h ****  * distributed under the License is distributed on an AS IS BASIS, WITHOUT
  20:Drivers/CMSIS/Include/cmsis_gcc.h ****  * WARRANTIES OR CONDITIONS OF ANY KIND, either express or implied.
  21:Drivers/CMSIS/Include/cmsis_gcc.h ****  * See the License for the specific language governing permissions and
  22:Drivers/CMSIS/Include/cmsis_gcc.h ****  * limitations under the License.
  23:Drivers/CMSIS/Include/cmsis_gcc.h ****  */
  24:Drivers/CMSIS/Include/cmsis_gcc.h **** 
  25:Drivers/CMSIS/Include/cmsis_gcc.h **** #ifndef __CMSIS_GCC_H
  26:Drivers/CMSIS/Include/cmsis_gcc.h **** #define __CMSIS_GCC_H
  27:Drivers/CMSIS/Include/cmsis_gcc.h **** 
  28:Drivers/CMSIS/Include/cmsis_gcc.h **** /* ignore some GCC warnings */
  29:Drivers/CMSIS/Include/cmsis_gcc.h **** #pragma GCC diagnostic push
  30:Drivers/CMSIS/Include/cmsis_gcc.h **** #pragma GCC diagnostic ignored "-Wsign-conversion"
  31:Drivers/CMSIS/Include/cmsis_gcc.h **** #pragma GCC diagnostic ignored "-Wconversion"
  32:Drivers/CMSIS/Include/cmsis_gcc.h **** #pragma GCC diagnostic ignored "-Wunused-parameter"
  33:Drivers/CMSIS/Include/cmsis_gcc.h **** 
  34:Drivers/CMSIS/Include/cmsis_gcc.h **** /* Fallback for __has_builtin */
  35:Drivers/CMSIS/Include/cmsis_gcc.h **** #ifndef __has_builtin
  36:Drivers/CMSIS/Include/cmsis_gcc.h ****   #define __has_builtin(x) (0)
  37:Drivers/CMSIS/Include/cmsis_gcc.h **** #endif
  38:Drivers/CMSIS/Include/cmsis_gcc.h **** 
  39:Drivers/CMSIS/Include/cmsis_gcc.h **** /* CMSIS compiler specific defines */
  40:Drivers/CMSIS/Include/cmsis_gcc.h **** #ifndef   __ASM
ARM GAS  C:\Users\Kenneth\AppData\Local\Temp\ccc8Tzpa.s 			page 9


  41:Drivers/CMSIS/Include/cmsis_gcc.h ****   #define __ASM                                  __asm
  42:Drivers/CMSIS/Include/cmsis_gcc.h **** #endif
  43:Drivers/CMSIS/Include/cmsis_gcc.h **** #ifndef   __INLINE
  44:Drivers/CMSIS/Include/cmsis_gcc.h ****   #define __INLINE                               inline
  45:Drivers/CMSIS/Include/cmsis_gcc.h **** #endif
  46:Drivers/CMSIS/Include/cmsis_gcc.h **** #ifndef   __STATIC_INLINE
  47:Drivers/CMSIS/Include/cmsis_gcc.h ****   #define __STATIC_INLINE                        static inline
  48:Drivers/CMSIS/Include/cmsis_gcc.h **** #endif
  49:Drivers/CMSIS/Include/cmsis_gcc.h **** #ifndef   __STATIC_FORCEINLINE                 
  50:Drivers/CMSIS/Include/cmsis_gcc.h ****   #define __STATIC_FORCEINLINE                   __attribute__((always_inline)) static inline
  51:Drivers/CMSIS/Include/cmsis_gcc.h **** #endif                                           
  52:Drivers/CMSIS/Include/cmsis_gcc.h **** #ifndef   __NO_RETURN
  53:Drivers/CMSIS/Include/cmsis_gcc.h ****   #define __NO_RETURN                            __attribute__((__noreturn__))
  54:Drivers/CMSIS/Include/cmsis_gcc.h **** #endif
  55:Drivers/CMSIS/Include/cmsis_gcc.h **** #ifndef   __USED
  56:Drivers/CMSIS/Include/cmsis_gcc.h ****   #define __USED                                 __attribute__((used))
  57:Drivers/CMSIS/Include/cmsis_gcc.h **** #endif
  58:Drivers/CMSIS/Include/cmsis_gcc.h **** #ifndef   __WEAK
  59:Drivers/CMSIS/Include/cmsis_gcc.h ****   #define __WEAK                                 __attribute__((weak))
  60:Drivers/CMSIS/Include/cmsis_gcc.h **** #endif
  61:Drivers/CMSIS/Include/cmsis_gcc.h **** #ifndef   __PACKED
  62:Drivers/CMSIS/Include/cmsis_gcc.h ****   #define __PACKED                               __attribute__((packed, aligned(1)))
  63:Drivers/CMSIS/Include/cmsis_gcc.h **** #endif
  64:Drivers/CMSIS/Include/cmsis_gcc.h **** #ifndef   __PACKED_STRUCT
  65:Drivers/CMSIS/Include/cmsis_gcc.h ****   #define __PACKED_STRUCT                        struct __attribute__((packed, aligned(1)))
  66:Drivers/CMSIS/Include/cmsis_gcc.h **** #endif
  67:Drivers/CMSIS/Include/cmsis_gcc.h **** #ifndef   __PACKED_UNION
  68:Drivers/CMSIS/Include/cmsis_gcc.h ****   #define __PACKED_UNION                         union __attribute__((packed, aligned(1)))
  69:Drivers/CMSIS/Include/cmsis_gcc.h **** #endif
  70:Drivers/CMSIS/Include/cmsis_gcc.h **** #ifndef   __UNALIGNED_UINT32        /* deprecated */
  71:Drivers/CMSIS/Include/cmsis_gcc.h ****   #pragma GCC diagnostic push
  72:Drivers/CMSIS/Include/cmsis_gcc.h ****   #pragma GCC diagnostic ignored "-Wpacked"
  73:Drivers/CMSIS/Include/cmsis_gcc.h ****   #pragma GCC diagnostic ignored "-Wattributes"
  74:Drivers/CMSIS/Include/cmsis_gcc.h ****   struct __attribute__((packed)) T_UINT32 { uint32_t v; };
  75:Drivers/CMSIS/Include/cmsis_gcc.h ****   #pragma GCC diagnostic pop
  76:Drivers/CMSIS/Include/cmsis_gcc.h ****   #define __UNALIGNED_UINT32(x)                  (((struct T_UINT32 *)(x))->v)
  77:Drivers/CMSIS/Include/cmsis_gcc.h **** #endif
  78:Drivers/CMSIS/Include/cmsis_gcc.h **** #ifndef   __UNALIGNED_UINT16_WRITE
  79:Drivers/CMSIS/Include/cmsis_gcc.h ****   #pragma GCC diagnostic push
  80:Drivers/CMSIS/Include/cmsis_gcc.h ****   #pragma GCC diagnostic ignored "-Wpacked"
  81:Drivers/CMSIS/Include/cmsis_gcc.h ****   #pragma GCC diagnostic ignored "-Wattributes"
  82:Drivers/CMSIS/Include/cmsis_gcc.h ****   __PACKED_STRUCT T_UINT16_WRITE { uint16_t v; };
  83:Drivers/CMSIS/Include/cmsis_gcc.h ****   #pragma GCC diagnostic pop
  84:Drivers/CMSIS/Include/cmsis_gcc.h ****   #define __UNALIGNED_UINT16_WRITE(addr, val)    (void)((((struct T_UINT16_WRITE *)(void *)(addr))-
  85:Drivers/CMSIS/Include/cmsis_gcc.h **** #endif
  86:Drivers/CMSIS/Include/cmsis_gcc.h **** #ifndef   __UNALIGNED_UINT16_READ
  87:Drivers/CMSIS/Include/cmsis_gcc.h ****   #pragma GCC diagnostic push
  88:Drivers/CMSIS/Include/cmsis_gcc.h ****   #pragma GCC diagnostic ignored "-Wpacked"
  89:Drivers/CMSIS/Include/cmsis_gcc.h ****   #pragma GCC diagnostic ignored "-Wattributes"
  90:Drivers/CMSIS/Include/cmsis_gcc.h ****   __PACKED_STRUCT T_UINT16_READ { uint16_t v; };
  91:Drivers/CMSIS/Include/cmsis_gcc.h ****   #pragma GCC diagnostic pop
  92:Drivers/CMSIS/Include/cmsis_gcc.h ****   #define __UNALIGNED_UINT16_READ(addr)          (((const struct T_UINT16_READ *)(const void *)(add
  93:Drivers/CMSIS/Include/cmsis_gcc.h **** #endif
  94:Drivers/CMSIS/Include/cmsis_gcc.h **** #ifndef   __UNALIGNED_UINT32_WRITE
  95:Drivers/CMSIS/Include/cmsis_gcc.h ****   #pragma GCC diagnostic push
  96:Drivers/CMSIS/Include/cmsis_gcc.h ****   #pragma GCC diagnostic ignored "-Wpacked"
  97:Drivers/CMSIS/Include/cmsis_gcc.h ****   #pragma GCC diagnostic ignored "-Wattributes"
ARM GAS  C:\Users\Kenneth\AppData\Local\Temp\ccc8Tzpa.s 			page 10


  98:Drivers/CMSIS/Include/cmsis_gcc.h ****   __PACKED_STRUCT T_UINT32_WRITE { uint32_t v; };
  99:Drivers/CMSIS/Include/cmsis_gcc.h ****   #pragma GCC diagnostic pop
 100:Drivers/CMSIS/Include/cmsis_gcc.h ****   #define __UNALIGNED_UINT32_WRITE(addr, val)    (void)((((struct T_UINT32_WRITE *)(void *)(addr))-
 101:Drivers/CMSIS/Include/cmsis_gcc.h **** #endif
 102:Drivers/CMSIS/Include/cmsis_gcc.h **** #ifndef   __UNALIGNED_UINT32_READ
 103:Drivers/CMSIS/Include/cmsis_gcc.h ****   #pragma GCC diagnostic push
 104:Drivers/CMSIS/Include/cmsis_gcc.h ****   #pragma GCC diagnostic ignored "-Wpacked"
 105:Drivers/CMSIS/Include/cmsis_gcc.h ****   #pragma GCC diagnostic ignored "-Wattributes"
 106:Drivers/CMSIS/Include/cmsis_gcc.h ****   __PACKED_STRUCT T_UINT32_READ { uint32_t v; };
 107:Drivers/CMSIS/Include/cmsis_gcc.h ****   #pragma GCC diagnostic pop
 108:Drivers/CMSIS/Include/cmsis_gcc.h ****   #define __UNALIGNED_UINT32_READ(addr)          (((const struct T_UINT32_READ *)(const void *)(add
 109:Drivers/CMSIS/Include/cmsis_gcc.h **** #endif
 110:Drivers/CMSIS/Include/cmsis_gcc.h **** #ifndef   __ALIGNED
 111:Drivers/CMSIS/Include/cmsis_gcc.h ****   #define __ALIGNED(x)                           __attribute__((aligned(x)))
 112:Drivers/CMSIS/Include/cmsis_gcc.h **** #endif
 113:Drivers/CMSIS/Include/cmsis_gcc.h **** #ifndef   __RESTRICT
 114:Drivers/CMSIS/Include/cmsis_gcc.h ****   #define __RESTRICT                             __restrict
 115:Drivers/CMSIS/Include/cmsis_gcc.h **** #endif
 116:Drivers/CMSIS/Include/cmsis_gcc.h **** 
 117:Drivers/CMSIS/Include/cmsis_gcc.h **** 
 118:Drivers/CMSIS/Include/cmsis_gcc.h **** /* ###########################  Core Function Access  ########################### */
 119:Drivers/CMSIS/Include/cmsis_gcc.h **** /** \ingroup  CMSIS_Core_FunctionInterface
 120:Drivers/CMSIS/Include/cmsis_gcc.h ****     \defgroup CMSIS_Core_RegAccFunctions CMSIS Core Register Access Functions
 121:Drivers/CMSIS/Include/cmsis_gcc.h ****   @{
 122:Drivers/CMSIS/Include/cmsis_gcc.h ****  */
 123:Drivers/CMSIS/Include/cmsis_gcc.h **** 
 124:Drivers/CMSIS/Include/cmsis_gcc.h **** /**
 125:Drivers/CMSIS/Include/cmsis_gcc.h ****   \brief   Enable IRQ Interrupts
 126:Drivers/CMSIS/Include/cmsis_gcc.h ****   \details Enables IRQ interrupts by clearing the I-bit in the CPSR.
 127:Drivers/CMSIS/Include/cmsis_gcc.h ****            Can only be executed in Privileged modes.
 128:Drivers/CMSIS/Include/cmsis_gcc.h ****  */
 129:Drivers/CMSIS/Include/cmsis_gcc.h **** __STATIC_FORCEINLINE void __enable_irq(void)
 130:Drivers/CMSIS/Include/cmsis_gcc.h **** {
 131:Drivers/CMSIS/Include/cmsis_gcc.h ****   __ASM volatile ("cpsie i" : : : "memory");
 132:Drivers/CMSIS/Include/cmsis_gcc.h **** }
 133:Drivers/CMSIS/Include/cmsis_gcc.h **** 
 134:Drivers/CMSIS/Include/cmsis_gcc.h **** 
 135:Drivers/CMSIS/Include/cmsis_gcc.h **** /**
 136:Drivers/CMSIS/Include/cmsis_gcc.h ****   \brief   Disable IRQ Interrupts
 137:Drivers/CMSIS/Include/cmsis_gcc.h ****   \details Disables IRQ interrupts by setting the I-bit in the CPSR.
 138:Drivers/CMSIS/Include/cmsis_gcc.h ****            Can only be executed in Privileged modes.
 139:Drivers/CMSIS/Include/cmsis_gcc.h ****  */
 140:Drivers/CMSIS/Include/cmsis_gcc.h **** __STATIC_FORCEINLINE void __disable_irq(void)
 183              		.loc 2 140 27 view .LVU47
 184              	.LBB9:
 141:Drivers/CMSIS/Include/cmsis_gcc.h **** {
 142:Drivers/CMSIS/Include/cmsis_gcc.h ****   __ASM volatile ("cpsid i" : : : "memory");
 185              		.loc 2 142 3 view .LVU48
 186              		.syntax unified
 187              	@ 142 "Drivers/CMSIS/Include/cmsis_gcc.h" 1
 188 0000 72B6     		cpsid i
 189              	@ 0 "" 2
 190              		.thumb
 191              		.syntax unified
 192              	.L6:
 193              	.LBE9:
 194              	.LBE8:
ARM GAS  C:\Users\Kenneth\AppData\Local\Temp\ccc8Tzpa.s 			page 11


 238:Core/Src/main.c ****   while (1)
 195              		.loc 1 238 3 discriminator 1 view .LVU49
 239:Core/Src/main.c ****   {
 240:Core/Src/main.c ****   }
 196              		.loc 1 240 3 discriminator 1 view .LVU50
 238:Core/Src/main.c ****   while (1)
 197              		.loc 1 238 9 discriminator 1 view .LVU51
 198 0002 FEE7     		b	.L6
 199              		.cfi_endproc
 200              	.LFE134:
 202              		.section	.text.MX_USART2_UART_Init,"ax",%progbits
 203              		.align	1
 204              		.syntax unified
 205              		.thumb
 206              		.thumb_func
 208              	MX_USART2_UART_Init:
 209              	.LFB132:
 163:Core/Src/main.c **** 
 210              		.loc 1 163 1 view -0
 211              		.cfi_startproc
 212              		@ args = 0, pretend = 0, frame = 0
 213              		@ frame_needed = 0, uses_anonymous_args = 0
 214 0000 08B5     		push	{r3, lr}
 215              	.LCFI3:
 216              		.cfi_def_cfa_offset 8
 217              		.cfi_offset 3, -8
 218              		.cfi_offset 14, -4
 172:Core/Src/main.c ****   huart2.Init.BaudRate = 38400;
 219              		.loc 1 172 3 view .LVU53
 172:Core/Src/main.c ****   huart2.Init.BaudRate = 38400;
 220              		.loc 1 172 19 is_stmt 0 view .LVU54
 221 0002 0B48     		ldr	r0, .L11
 222 0004 0B4B     		ldr	r3, .L11+4
 223 0006 0360     		str	r3, [r0]
 173:Core/Src/main.c ****   huart2.Init.WordLength = UART_WORDLENGTH_8B;
 224              		.loc 1 173 3 is_stmt 1 view .LVU55
 173:Core/Src/main.c ****   huart2.Init.WordLength = UART_WORDLENGTH_8B;
 225              		.loc 1 173 24 is_stmt 0 view .LVU56
 226 0008 4FF41643 		mov	r3, #38400
 227 000c 4360     		str	r3, [r0, #4]
 174:Core/Src/main.c ****   huart2.Init.StopBits = UART_STOPBITS_1;
 228              		.loc 1 174 3 is_stmt 1 view .LVU57
 174:Core/Src/main.c ****   huart2.Init.StopBits = UART_STOPBITS_1;
 229              		.loc 1 174 26 is_stmt 0 view .LVU58
 230 000e 0023     		movs	r3, #0
 231 0010 8360     		str	r3, [r0, #8]
 175:Core/Src/main.c ****   huart2.Init.Parity = UART_PARITY_NONE;
 232              		.loc 1 175 3 is_stmt 1 view .LVU59
 175:Core/Src/main.c ****   huart2.Init.Parity = UART_PARITY_NONE;
 233              		.loc 1 175 24 is_stmt 0 view .LVU60
 234 0012 C360     		str	r3, [r0, #12]
 176:Core/Src/main.c ****   huart2.Init.Mode = UART_MODE_TX_RX;
 235              		.loc 1 176 3 is_stmt 1 view .LVU61
 176:Core/Src/main.c ****   huart2.Init.Mode = UART_MODE_TX_RX;
 236              		.loc 1 176 22 is_stmt 0 view .LVU62
 237 0014 0361     		str	r3, [r0, #16]
 177:Core/Src/main.c ****   huart2.Init.HwFlowCtl = UART_HWCONTROL_NONE;
ARM GAS  C:\Users\Kenneth\AppData\Local\Temp\ccc8Tzpa.s 			page 12


 238              		.loc 1 177 3 is_stmt 1 view .LVU63
 177:Core/Src/main.c ****   huart2.Init.HwFlowCtl = UART_HWCONTROL_NONE;
 239              		.loc 1 177 20 is_stmt 0 view .LVU64
 240 0016 0C22     		movs	r2, #12
 241 0018 4261     		str	r2, [r0, #20]
 178:Core/Src/main.c ****   huart2.Init.OverSampling = UART_OVERSAMPLING_16;
 242              		.loc 1 178 3 is_stmt 1 view .LVU65
 178:Core/Src/main.c ****   huart2.Init.OverSampling = UART_OVERSAMPLING_16;
 243              		.loc 1 178 25 is_stmt 0 view .LVU66
 244 001a 8361     		str	r3, [r0, #24]
 179:Core/Src/main.c ****   huart2.Init.OneBitSampling = UART_ONE_BIT_SAMPLE_DISABLE;
 245              		.loc 1 179 3 is_stmt 1 view .LVU67
 179:Core/Src/main.c ****   huart2.Init.OneBitSampling = UART_ONE_BIT_SAMPLE_DISABLE;
 246              		.loc 1 179 28 is_stmt 0 view .LVU68
 247 001c C361     		str	r3, [r0, #28]
 180:Core/Src/main.c ****   huart2.AdvancedInit.AdvFeatureInit = UART_ADVFEATURE_NO_INIT;
 248              		.loc 1 180 3 is_stmt 1 view .LVU69
 180:Core/Src/main.c ****   huart2.AdvancedInit.AdvFeatureInit = UART_ADVFEATURE_NO_INIT;
 249              		.loc 1 180 30 is_stmt 0 view .LVU70
 250 001e 0362     		str	r3, [r0, #32]
 181:Core/Src/main.c ****   if (HAL_UART_Init(&huart2) != HAL_OK)
 251              		.loc 1 181 3 is_stmt 1 view .LVU71
 181:Core/Src/main.c ****   if (HAL_UART_Init(&huart2) != HAL_OK)
 252              		.loc 1 181 38 is_stmt 0 view .LVU72
 253 0020 4362     		str	r3, [r0, #36]
 182:Core/Src/main.c ****   {
 254              		.loc 1 182 3 is_stmt 1 view .LVU73
 182:Core/Src/main.c ****   {
 255              		.loc 1 182 7 is_stmt 0 view .LVU74
 256 0022 FFF7FEFF 		bl	HAL_UART_Init
 257              	.LVL3:
 182:Core/Src/main.c ****   {
 258              		.loc 1 182 6 view .LVU75
 259 0026 00B9     		cbnz	r0, .L10
 190:Core/Src/main.c **** 
 260              		.loc 1 190 1 view .LVU76
 261 0028 08BD     		pop	{r3, pc}
 262              	.L10:
 184:Core/Src/main.c ****   }
 263              		.loc 1 184 5 is_stmt 1 view .LVU77
 264 002a FFF7FEFF 		bl	Error_Handler
 265              	.LVL4:
 266              	.L12:
 267 002e 00BF     		.align	2
 268              	.L11:
 269 0030 00000000 		.word	.LANCHOR0
 270 0034 00440040 		.word	1073759232
 271              		.cfi_endproc
 272              	.LFE132:
 274              		.section	.text.SystemClock_Config,"ax",%progbits
 275              		.align	1
 276              		.global	SystemClock_Config
 277              		.syntax unified
 278              		.thumb
 279              		.thumb_func
 281              	SystemClock_Config:
 282              	.LFB131:
ARM GAS  C:\Users\Kenneth\AppData\Local\Temp\ccc8Tzpa.s 			page 13


 117:Core/Src/main.c ****   RCC_OscInitTypeDef RCC_OscInitStruct = {0};
 283              		.loc 1 117 1 view -0
 284              		.cfi_startproc
 285              		@ args = 0, pretend = 0, frame = 152
 286              		@ frame_needed = 0, uses_anonymous_args = 0
 287 0000 00B5     		push	{lr}
 288              	.LCFI4:
 289              		.cfi_def_cfa_offset 4
 290              		.cfi_offset 14, -4
 291 0002 A7B0     		sub	sp, sp, #156
 292              	.LCFI5:
 293              		.cfi_def_cfa_offset 160
 118:Core/Src/main.c ****   RCC_ClkInitTypeDef RCC_ClkInitStruct = {0};
 294              		.loc 1 118 3 view .LVU79
 118:Core/Src/main.c ****   RCC_ClkInitTypeDef RCC_ClkInitStruct = {0};
 295              		.loc 1 118 22 is_stmt 0 view .LVU80
 296 0004 2822     		movs	r2, #40
 297 0006 0021     		movs	r1, #0
 298 0008 1CA8     		add	r0, sp, #112
 299 000a FFF7FEFF 		bl	memset
 300              	.LVL5:
 119:Core/Src/main.c ****   RCC_PeriphCLKInitTypeDef PeriphClkInit = {0};
 301              		.loc 1 119 3 is_stmt 1 view .LVU81
 119:Core/Src/main.c ****   RCC_PeriphCLKInitTypeDef PeriphClkInit = {0};
 302              		.loc 1 119 22 is_stmt 0 view .LVU82
 303 000e 0021     		movs	r1, #0
 304 0010 1791     		str	r1, [sp, #92]
 305 0012 1891     		str	r1, [sp, #96]
 306 0014 1991     		str	r1, [sp, #100]
 307 0016 1A91     		str	r1, [sp, #104]
 308 0018 1B91     		str	r1, [sp, #108]
 120:Core/Src/main.c **** 
 309              		.loc 1 120 3 is_stmt 1 view .LVU83
 120:Core/Src/main.c **** 
 310              		.loc 1 120 28 is_stmt 0 view .LVU84
 311 001a 5822     		movs	r2, #88
 312 001c 01A8     		add	r0, sp, #4
 313 001e FFF7FEFF 		bl	memset
 314              	.LVL6:
 125:Core/Src/main.c ****   RCC_OscInitStruct.HSIState = RCC_HSI_ON;
 315              		.loc 1 125 3 is_stmt 1 view .LVU85
 125:Core/Src/main.c ****   RCC_OscInitStruct.HSIState = RCC_HSI_ON;
 316              		.loc 1 125 36 is_stmt 0 view .LVU86
 317 0022 0223     		movs	r3, #2
 318 0024 1C93     		str	r3, [sp, #112]
 126:Core/Src/main.c ****   RCC_OscInitStruct.HSICalibrationValue = RCC_HSICALIBRATION_DEFAULT;
 319              		.loc 1 126 3 is_stmt 1 view .LVU87
 126:Core/Src/main.c ****   RCC_OscInitStruct.HSICalibrationValue = RCC_HSICALIBRATION_DEFAULT;
 320              		.loc 1 126 30 is_stmt 0 view .LVU88
 321 0026 0122     		movs	r2, #1
 322 0028 1F92     		str	r2, [sp, #124]
 127:Core/Src/main.c ****   RCC_OscInitStruct.PLL.PLLState = RCC_PLL_ON;
 323              		.loc 1 127 3 is_stmt 1 view .LVU89
 127:Core/Src/main.c ****   RCC_OscInitStruct.PLL.PLLState = RCC_PLL_ON;
 324              		.loc 1 127 41 is_stmt 0 view .LVU90
 325 002a 1022     		movs	r2, #16
 326 002c 2092     		str	r2, [sp, #128]
ARM GAS  C:\Users\Kenneth\AppData\Local\Temp\ccc8Tzpa.s 			page 14


 128:Core/Src/main.c ****   RCC_OscInitStruct.PLL.PLLSource = RCC_PLLSOURCE_HSI;
 327              		.loc 1 128 3 is_stmt 1 view .LVU91
 128:Core/Src/main.c ****   RCC_OscInitStruct.PLL.PLLSource = RCC_PLLSOURCE_HSI;
 328              		.loc 1 128 34 is_stmt 0 view .LVU92
 329 002e 2293     		str	r3, [sp, #136]
 129:Core/Src/main.c ****   RCC_OscInitStruct.PLL.PLLMUL = RCC_PLL_MUL9;
 330              		.loc 1 129 3 is_stmt 1 view .LVU93
 129:Core/Src/main.c ****   RCC_OscInitStruct.PLL.PLLMUL = RCC_PLL_MUL9;
 331              		.loc 1 129 35 is_stmt 0 view .LVU94
 332 0030 4FF40043 		mov	r3, #32768
 333 0034 2393     		str	r3, [sp, #140]
 130:Core/Src/main.c ****   RCC_OscInitStruct.PLL.PREDIV = RCC_PREDIV_DIV1;
 334              		.loc 1 130 3 is_stmt 1 view .LVU95
 130:Core/Src/main.c ****   RCC_OscInitStruct.PLL.PREDIV = RCC_PREDIV_DIV1;
 335              		.loc 1 130 32 is_stmt 0 view .LVU96
 336 0036 4FF4E013 		mov	r3, #1835008
 337 003a 2493     		str	r3, [sp, #144]
 131:Core/Src/main.c ****   if (HAL_RCC_OscConfig(&RCC_OscInitStruct) != HAL_OK)
 338              		.loc 1 131 3 is_stmt 1 view .LVU97
 132:Core/Src/main.c ****   {
 339              		.loc 1 132 3 view .LVU98
 132:Core/Src/main.c ****   {
 340              		.loc 1 132 7 is_stmt 0 view .LVU99
 341 003c 1CA8     		add	r0, sp, #112
 342 003e FFF7FEFF 		bl	HAL_RCC_OscConfig
 343              	.LVL7:
 132:Core/Src/main.c ****   {
 344              		.loc 1 132 6 view .LVU100
 345 0042 C0B9     		cbnz	r0, .L18
 138:Core/Src/main.c ****                               |RCC_CLOCKTYPE_PCLK1|RCC_CLOCKTYPE_PCLK2;
 346              		.loc 1 138 3 is_stmt 1 view .LVU101
 138:Core/Src/main.c ****                               |RCC_CLOCKTYPE_PCLK1|RCC_CLOCKTYPE_PCLK2;
 347              		.loc 1 138 31 is_stmt 0 view .LVU102
 348 0044 0F23     		movs	r3, #15
 349 0046 1793     		str	r3, [sp, #92]
 140:Core/Src/main.c ****   RCC_ClkInitStruct.AHBCLKDivider = RCC_SYSCLK_DIV1;
 350              		.loc 1 140 3 is_stmt 1 view .LVU103
 140:Core/Src/main.c ****   RCC_ClkInitStruct.AHBCLKDivider = RCC_SYSCLK_DIV1;
 351              		.loc 1 140 34 is_stmt 0 view .LVU104
 352 0048 0221     		movs	r1, #2
 353 004a 1891     		str	r1, [sp, #96]
 141:Core/Src/main.c ****   RCC_ClkInitStruct.APB1CLKDivider = RCC_HCLK_DIV2;
 354              		.loc 1 141 3 is_stmt 1 view .LVU105
 141:Core/Src/main.c ****   RCC_ClkInitStruct.APB1CLKDivider = RCC_HCLK_DIV2;
 355              		.loc 1 141 35 is_stmt 0 view .LVU106
 356 004c 0023     		movs	r3, #0
 357 004e 1993     		str	r3, [sp, #100]
 142:Core/Src/main.c ****   RCC_ClkInitStruct.APB2CLKDivider = RCC_HCLK_DIV1;
 358              		.loc 1 142 3 is_stmt 1 view .LVU107
 142:Core/Src/main.c ****   RCC_ClkInitStruct.APB2CLKDivider = RCC_HCLK_DIV1;
 359              		.loc 1 142 36 is_stmt 0 view .LVU108
 360 0050 4FF48062 		mov	r2, #1024
 361 0054 1A92     		str	r2, [sp, #104]
 143:Core/Src/main.c **** 
 362              		.loc 1 143 3 is_stmt 1 view .LVU109
 143:Core/Src/main.c **** 
 363              		.loc 1 143 36 is_stmt 0 view .LVU110
ARM GAS  C:\Users\Kenneth\AppData\Local\Temp\ccc8Tzpa.s 			page 15


 364 0056 1B93     		str	r3, [sp, #108]
 145:Core/Src/main.c ****   {
 365              		.loc 1 145 3 is_stmt 1 view .LVU111
 145:Core/Src/main.c ****   {
 366              		.loc 1 145 7 is_stmt 0 view .LVU112
 367 0058 17A8     		add	r0, sp, #92
 368 005a FFF7FEFF 		bl	HAL_RCC_ClockConfig
 369              	.LVL8:
 145:Core/Src/main.c ****   {
 370              		.loc 1 145 6 view .LVU113
 371 005e 60B9     		cbnz	r0, .L19
 149:Core/Src/main.c ****   PeriphClkInit.Usart2ClockSelection = RCC_USART2CLKSOURCE_PCLK1;
 372              		.loc 1 149 3 is_stmt 1 view .LVU114
 149:Core/Src/main.c ****   PeriphClkInit.Usart2ClockSelection = RCC_USART2CLKSOURCE_PCLK1;
 373              		.loc 1 149 38 is_stmt 0 view .LVU115
 374 0060 0223     		movs	r3, #2
 375 0062 0193     		str	r3, [sp, #4]
 150:Core/Src/main.c ****   if (HAL_RCCEx_PeriphCLKConfig(&PeriphClkInit) != HAL_OK)
 376              		.loc 1 150 3 is_stmt 1 view .LVU116
 150:Core/Src/main.c ****   if (HAL_RCCEx_PeriphCLKConfig(&PeriphClkInit) != HAL_OK)
 377              		.loc 1 150 38 is_stmt 0 view .LVU117
 378 0064 0023     		movs	r3, #0
 379 0066 0493     		str	r3, [sp, #16]
 151:Core/Src/main.c ****   {
 380              		.loc 1 151 3 is_stmt 1 view .LVU118
 151:Core/Src/main.c ****   {
 381              		.loc 1 151 7 is_stmt 0 view .LVU119
 382 0068 01A8     		add	r0, sp, #4
 383 006a FFF7FEFF 		bl	HAL_RCCEx_PeriphCLKConfig
 384              	.LVL9:
 151:Core/Src/main.c ****   {
 385              		.loc 1 151 6 view .LVU120
 386 006e 30B9     		cbnz	r0, .L20
 155:Core/Src/main.c **** 
 387              		.loc 1 155 1 view .LVU121
 388 0070 27B0     		add	sp, sp, #156
 389              	.LCFI6:
 390              		.cfi_remember_state
 391              		.cfi_def_cfa_offset 4
 392              		@ sp needed
 393 0072 5DF804FB 		ldr	pc, [sp], #4
 394              	.L18:
 395              	.LCFI7:
 396              		.cfi_restore_state
 134:Core/Src/main.c ****   }
 397              		.loc 1 134 5 is_stmt 1 view .LVU122
 398 0076 FFF7FEFF 		bl	Error_Handler
 399              	.LVL10:
 400              	.L19:
 147:Core/Src/main.c ****   }
 401              		.loc 1 147 5 view .LVU123
 402 007a FFF7FEFF 		bl	Error_Handler
 403              	.LVL11:
 404              	.L20:
 153:Core/Src/main.c ****   }
 405              		.loc 1 153 5 view .LVU124
 406 007e FFF7FEFF 		bl	Error_Handler
ARM GAS  C:\Users\Kenneth\AppData\Local\Temp\ccc8Tzpa.s 			page 16


 407              	.LVL12:
 408              		.cfi_endproc
 409              	.LFE131:
 411              		.section	.text.main,"ax",%progbits
 412              		.align	1
 413              		.global	main
 414              		.syntax unified
 415              		.thumb
 416              		.thumb_func
 418              	main:
 419              	.LFB130:
  73:Core/Src/main.c ****   /* USER CODE BEGIN 1 */
 420              		.loc 1 73 1 view -0
 421              		.cfi_startproc
 422              		@ Volatile: function does not return.
 423              		@ args = 0, pretend = 0, frame = 0
 424              		@ frame_needed = 0, uses_anonymous_args = 0
 425 0000 08B5     		push	{r3, lr}
 426              	.LCFI8:
 427              		.cfi_def_cfa_offset 8
 428              		.cfi_offset 3, -8
 429              		.cfi_offset 14, -4
  81:Core/Src/main.c **** 
 430              		.loc 1 81 3 view .LVU126
 431 0002 FFF7FEFF 		bl	HAL_Init
 432              	.LVL13:
  88:Core/Src/main.c **** 
 433              		.loc 1 88 3 view .LVU127
 434 0006 FFF7FEFF 		bl	SystemClock_Config
 435              	.LVL14:
  95:Core/Src/main.c ****   MX_USART2_UART_Init();
 436              		.loc 1 95 3 view .LVU128
 437 000a FFF7FEFF 		bl	MX_GPIO_Init
 438              	.LVL15:
  96:Core/Src/main.c ****   /* USER CODE BEGIN 2 */
 439              		.loc 1 96 3 view .LVU129
 440 000e FFF7FEFF 		bl	MX_USART2_UART_Init
 441              	.LVL16:
 442              	.L22:
 103:Core/Src/main.c ****   {
 443              		.loc 1 103 3 discriminator 1 view .LVU130
 108:Core/Src/main.c ****   /* USER CODE END 3 */
 444              		.loc 1 108 3 discriminator 1 view .LVU131
 103:Core/Src/main.c ****   {
 445              		.loc 1 103 9 discriminator 1 view .LVU132
 446 0012 FEE7     		b	.L22
 447              		.cfi_endproc
 448              	.LFE130:
 450              		.global	huart2
 451              		.section	.bss.huart2,"aw",%nobits
 452              		.align	2
 453              		.set	.LANCHOR0,. + 0
 456              	huart2:
 457 0000 00000000 		.space	132
 457      00000000 
 457      00000000 
 457      00000000 
ARM GAS  C:\Users\Kenneth\AppData\Local\Temp\ccc8Tzpa.s 			page 17


 457      00000000 
 458              		.text
 459              	.Letext0:
 460              		.file 3 "r:\\gnu arm embedded toolchain\\10 2021.10\\arm-none-eabi\\include\\machine\\_default_typ
 461              		.file 4 "r:\\gnu arm embedded toolchain\\10 2021.10\\arm-none-eabi\\include\\sys\\_stdint.h"
 462              		.file 5 "Drivers/CMSIS/Device/ST/STM32F3xx/Include/stm32f303xe.h"
 463              		.file 6 "Drivers/STM32F3xx_HAL_Driver/Inc/stm32f3xx_hal_def.h"
 464              		.file 7 "Drivers/STM32F3xx_HAL_Driver/Inc/stm32f3xx_hal_rcc.h"
 465              		.file 8 "Drivers/STM32F3xx_HAL_Driver/Inc/stm32f3xx_hal_rcc_ex.h"
 466              		.file 9 "Drivers/STM32F3xx_HAL_Driver/Inc/stm32f3xx_hal_gpio.h"
 467              		.file 10 "Drivers/STM32F3xx_HAL_Driver/Inc/stm32f3xx_hal_dma.h"
 468              		.file 11 "Drivers/STM32F3xx_HAL_Driver/Inc/stm32f3xx_hal_uart.h"
 469              		.file 12 "Drivers/STM32F3xx_HAL_Driver/Inc/stm32f3xx_hal.h"
 470              		.file 13 "<built-in>"
ARM GAS  C:\Users\Kenneth\AppData\Local\Temp\ccc8Tzpa.s 			page 18


DEFINED SYMBOLS
                            *ABS*:00000000 main.c
C:\Users\Kenneth\AppData\Local\Temp\ccc8Tzpa.s:20     .text.MX_GPIO_Init:00000000 $t
C:\Users\Kenneth\AppData\Local\Temp\ccc8Tzpa.s:25     .text.MX_GPIO_Init:00000000 MX_GPIO_Init
C:\Users\Kenneth\AppData\Local\Temp\ccc8Tzpa.s:159    .text.MX_GPIO_Init:00000098 $d
C:\Users\Kenneth\AppData\Local\Temp\ccc8Tzpa.s:165    .text.Error_Handler:00000000 $t
C:\Users\Kenneth\AppData\Local\Temp\ccc8Tzpa.s:171    .text.Error_Handler:00000000 Error_Handler
C:\Users\Kenneth\AppData\Local\Temp\ccc8Tzpa.s:203    .text.MX_USART2_UART_Init:00000000 $t
C:\Users\Kenneth\AppData\Local\Temp\ccc8Tzpa.s:208    .text.MX_USART2_UART_Init:00000000 MX_USART2_UART_Init
C:\Users\Kenneth\AppData\Local\Temp\ccc8Tzpa.s:269    .text.MX_USART2_UART_Init:00000030 $d
C:\Users\Kenneth\AppData\Local\Temp\ccc8Tzpa.s:275    .text.SystemClock_Config:00000000 $t
C:\Users\Kenneth\AppData\Local\Temp\ccc8Tzpa.s:281    .text.SystemClock_Config:00000000 SystemClock_Config
C:\Users\Kenneth\AppData\Local\Temp\ccc8Tzpa.s:412    .text.main:00000000 $t
C:\Users\Kenneth\AppData\Local\Temp\ccc8Tzpa.s:418    .text.main:00000000 main
C:\Users\Kenneth\AppData\Local\Temp\ccc8Tzpa.s:456    .bss.huart2:00000000 huart2
C:\Users\Kenneth\AppData\Local\Temp\ccc8Tzpa.s:452    .bss.huart2:00000000 $d

UNDEFINED SYMBOLS
HAL_GPIO_WritePin
HAL_GPIO_Init
HAL_UART_Init
memset
HAL_RCC_OscConfig
HAL_RCC_ClockConfig
HAL_RCCEx_PeriphCLKConfig
HAL_Init
